A new study created in memory with name: no-name-023a7331-8f85-4770-8f52-fe949ce95efb
Trial 0 finished with value: 0.5147783160209656 and parameters: {'n_layers': 1, 'weight_decay': 3.549164071520202e-09, 'n_units_l0': 6, 'optimizer': 'Adam', 'adam_learning_rate': 1.622774455160084e-05}. Best is trial 0 with value: 0.5147783160209656.
Trial 1 finished with value: 0.5147783160209656 and parameters: {'n_layers': 1, 'weight_decay': 4.5764550217966354e-07, 'n_units_l0': 2, 'optimizer': 'SGD', 'sgd_opt_learning_rate': 6.540599912590801e-05, 'sgd_opt_momentum': 0.00015709565836192119}. Best is trial 0 with value: 0.5147783160209656.
Trial 2 finished with value: 0.5147783160209656 and parameters: {'n_layers': 1, 'weight_decay': 1.5939731481300022e-05, 'n_units_l0': 9, 'optimizer': 'Adam', 'adam_learning_rate': 4.057991791671526e-05}. Best is trial 0 with value: 0.5147783160209656.
Trial 3 finished with value: 0.5147783160209656 and parameters: {'n_layers': 1, 'weight_decay': 3.1994625175295077e-09, 'n_units_l0': 1, 'optimizer': 'RMSprop', 'rmsprop_learning_rate': 0.0011246141386374146, 'rmsprop_weight_decay': 0.9784662106210793, 'rmsprop_momentum': 0.002575193004185245}. Best is trial 0 with value: 0.5147783160209656.
Trial 4 finished with value: 0.5147783160209656 and parameters: {'n_layers': 1, 'weight_decay': 4.589537837278799e-07, 'n_units_l0': 4, 'optimizer': 'SGD', 'sgd_opt_learning_rate': 0.001286802303553717, 'sgd_opt_momentum': 1.4895686056642686e-05}. Best is trial 0 with value: 0.5147783160209656.
Trial 5 finished with value: 0.5147783160209656 and parameters: {'n_layers': 1, 'weight_decay': 1.1389159904352606e-07, 'n_units_l0': 1, 'optimizer': 'RMSprop', 'rmsprop_learning_rate': 0.0010863659792570183, 'rmsprop_weight_decay': 0.8939761261294327, 'rmsprop_momentum': 0.0001442919743553186}. Best is trial 0 with value: 0.5147783160209656.
Trial 6 finished with value: 0.5147783160209656 and parameters: {'n_layers': 1, 'weight_decay': 0.0002445946613724053, 'n_units_l0': 1, 'optimizer': 'SGD', 'sgd_opt_learning_rate': 0.00018746024306022028, 'sgd_opt_momentum': 0.0005338623364928871}. Best is trial 0 with value: 0.5147783160209656.
Trial 7 finished with value: 0.5147783160209656 and parameters: {'n_layers': 1, 'weight_decay': 1.597344517155162e-10, 'n_units_l0': 1, 'optimizer': 'RMSprop', 'rmsprop_learning_rate': 0.029362282437231674, 'rmsprop_weight_decay': 0.869637890789117, 'rmsprop_momentum': 8.649495584037021e-05}. Best is trial 0 with value: 0.5147783160209656.
Trial 8 finished with value: 0.5147783160209656 and parameters: {'n_layers': 1, 'weight_decay': 1.381561230589253e-10, 'n_units_l0': 9, 'optimizer': 'RMSprop', 'rmsprop_learning_rate': 5.081339848789455e-05, 'rmsprop_weight_decay': 0.9063676836233272, 'rmsprop_momentum': 1.484885666286295e-05}. Best is trial 0 with value: 0.5147783160209656.
Trial 9 finished with value: 0.5147783160209656 and parameters: {'n_layers': 1, 'weight_decay': 7.22516358205311e-06, 'n_units_l0': 4, 'optimizer': 'Adam', 'adam_learning_rate': 0.000250393988622853}. Best is trial 0 with value: 0.5147783160209656.
Trial 10 finished with value: 0.5147783160209656 and parameters: {'n_layers': 1, 'weight_decay': 5.871964087708359e-09, 'n_units_l0': 5, 'optimizer': 'Adam', 'adam_learning_rate': 0.037789700842850146}. Best is trial 0 with value: 0.5147783160209656.
Trial 11 finished with value: 0.4852216839790344 and parameters: {'n_layers': 1, 'weight_decay': 1.2698830817950066e-07, 'n_units_l0': 2, 'optimizer': 'SGD', 'sgd_opt_learning_rate': 1.0320943551348957e-05, 'sgd_opt_momentum': 0.08178109141197022}. Best is trial 0 with value: 0.5147783160209656.
Trial 12 finished with value: 0.5147783160209656 and parameters: {'n_layers': 1, 'weight_decay': 8.062325909917678e-09, 'n_units_l0': 2, 'optimizer': 'SGD', 'sgd_opt_learning_rate': 0.049349423947760644, 'sgd_opt_momentum': 0.00012835249887501636}. Best is trial 0 with value: 0.5147783160209656.
Trial 13 finished with value: 0.5147783160209656 and parameters: {'n_layers': 1, 'weight_decay': 1.6775881573701623e-06, 'n_units_l0': 3, 'optimizer': 'Adam', 'adam_learning_rate': 1.168603229435302e-05}. Best is trial 0 with value: 0.5147783160209656.
Trial 14 finished with value: 0.4852216839790344 and parameters: {'n_layers': 1, 'weight_decay': 2.5883872759360042e-08, 'n_units_l0': 2, 'optimizer': 'SGD', 'sgd_opt_learning_rate': 3.221908456887005e-05, 'sgd_opt_momentum': 0.014424754779086781}. Best is trial 0 with value: 0.5147783160209656.
Trial 15 finished with value: 0.5147783160209656 and parameters: {'n_layers': 1, 'weight_decay': 1.0346886966685442e-09, 'n_units_l0': 6, 'optimizer': 'Adam', 'adam_learning_rate': 0.0044815360412911185}. Best is trial 0 with value: 0.5147783160209656.
Trial 16 finished with value: 0.5147783160209656 and parameters: {'n_layers': 1, 'weight_decay': 4.647424645501092e-08, 'n_units_l0': 3, 'optimizer': 'SGD', 'sgd_opt_learning_rate': 0.0012044830547602772, 'sgd_opt_momentum': 3.9285234837572254e-05}. Best is trial 0 with value: 0.5147783160209656.
Trial 17 finished with value: 0.8004925847053528 and parameters: {'n_layers': 1, 'weight_decay': 0.0009959675354223937, 'n_units_l0': 6, 'optimizer': 'Adam', 'adam_learning_rate': 0.0004972983706018702}. Best is trial 17 with value: 0.8004925847053528.
Trial 18 finished with value: 0.9298029541969299 and parameters: {'n_layers': 1, 'weight_decay': 0.0005831068944064922, 'n_units_l0': 7, 'optimizer': 'Adam', 'adam_learning_rate': 0.0004315596983315579}. Best is trial 18 with value: 0.9298029541969299.
Trial 19 finished with value: 0.953201949596405 and parameters: {'n_layers': 1, 'weight_decay': 0.0008045200363722639, 'n_units_l0': 10, 'optimizer': 'Adam', 'adam_learning_rate': 0.0008289522825144911}. Best is trial 19 with value: 0.953201949596405.
Trial 20 finished with value: 0.5147783160209656 and parameters: {'n_layers': 1, 'weight_decay': 6.987873256060542e-05, 'n_units_l0': 10, 'optimizer': 'Adam', 'adam_learning_rate': 0.0031240105168232443}. Best is trial 19 with value: 0.953201949596405.
Trial 21 finished with value: 0.5147783160209656 and parameters: {'n_layers': 1, 'weight_decay': 0.0007955591409198186, 'n_units_l0': 7, 'optimizer': 'Adam', 'adam_learning_rate': 0.0003688936429049193}. Best is trial 19 with value: 0.953201949596405.
Trial 22 finished with value: 0.9427340030670166 and parameters: {'n_layers': 1, 'weight_decay': 0.0006973104068925637, 'n_units_l0': 7, 'optimizer': 'Adam', 'adam_learning_rate': 0.0007787823008193435}. Best is trial 19 with value: 0.953201949596405.
Trial 23 finished with value: 0.9944581389427185 and parameters: {'n_layers': 1, 'weight_decay': 5.287520985591742e-05, 'n_units_l0': 8, 'optimizer': 'Adam', 'adam_learning_rate': 0.0019394158424736615}. Best is trial 23 with value: 0.9944581389427185.
Trial 24 finished with value: 0.5147783160209656 and parameters: {'n_layers': 1, 'weight_decay': 4.6872359981192364e-05, 'n_units_l0': 9, 'optimizer': 'Adam', 'adam_learning_rate': 0.005071652207598089}. Best is trial 23 with value: 0.9944581389427185.
Trial 25 finished with value: 0.5147783160209656 and parameters: {'n_layers': 1, 'weight_decay': 0.00011711917834933855, 'n_units_l0': 4, 'optimizer': 'Adam', 'adam_learning_rate': 0.0015369779970459375}. Best is trial 23 with value: 0.9944581389427185.
Trial 26 finished with value: 0.5147783160209656 and parameters: {'n_layers': 1, 'weight_decay': 1.5341396312341998e-05, 'n_units_l0': 8, 'optimizer': 'Adam', 'adam_learning_rate': 0.01659824481485173}. Best is trial 23 with value: 0.9944581389427185.
Trial 27 finished with value: 0.5147783160209656 and parameters: {'n_layers': 1, 'weight_decay': 0.00020778073951988475, 'n_units_l0': 5, 'optimizer': 'Adam', 'adam_learning_rate': 7.765017898474698e-05}. Best is trial 23 with value: 0.9944581389427185.
Trial 28 finished with value: 0.9901477694511414 and parameters: {'n_layers': 1, 'weight_decay': 2.8309688990789836e-05, 'n_units_l0': 10, 'optimizer': 'Adam', 'adam_learning_rate': 0.0011735659388660015}. Best is trial 23 with value: 0.9944581389427185.
Trial 29 finished with value: 0.5147783160209656 and parameters: {'n_layers': 1, 'weight_decay': 3.924031338859323e-06, 'n_units_l0': 10, 'optimizer': 'Adam', 'adam_learning_rate': 0.0016423318969061068}. Best is trial 23 with value: 0.9944581389427185.
Trial 30 finished with value: 0.5147783160209656 and parameters: {'n_layers': 1, 'weight_decay': 2.765085255639196e-05, 'n_units_l0': 5, 'optimizer': 'Adam', 'adam_learning_rate': 0.009162404696944682}. Best is trial 23 with value: 0.9944581389427185.
Trial 31 finished with value: 0.9698275923728943 and parameters: {'n_layers': 1, 'weight_decay': 0.00034816266857052924, 'n_units_l0': 7, 'optimizer': 'Adam', 'adam_learning_rate': 0.0009993875087344177}. Best is trial 23 with value: 0.9944581389427185.
Trial 32 finished with value: 0.5147783160209656 and parameters: {'n_layers': 1, 'weight_decay': 0.000214832325147702, 'n_units_l0': 8, 'optimizer': 'Adam', 'adam_learning_rate': 0.00017034107100707144}. Best is trial 23 with value: 0.9944581389427185.
Trial 33 finished with value: 0.5147783160209656 and parameters: {'n_layers': 1, 'weight_decay': 7.370257301779538e-05, 'n_units_l0': 10, 'optimizer': 'Adam', 'adam_learning_rate': 0.0017494328512616488}. Best is trial 23 with value: 0.9944581389427185.
Trial 34 finished with value: 0.985837459564209 and parameters: {'n_layers': 1, 'weight_decay': 1.3329422556995159e-06, 'n_units_l0': 8, 'optimizer': 'Adam', 'adam_learning_rate': 0.0008338247049196507}. Best is trial 23 with value: 0.9944581389427185.
Trial 35 finished with value: 0.4852216839790344 and parameters: {'n_layers': 1, 'weight_decay': 1.2295720031220789e-06, 'n_units_l0': 6, 'optimizer': 'RMSprop', 'rmsprop_learning_rate': 0.09765568084969917, 'rmsprop_weight_decay': 0.976341425327238, 'rmsprop_momentum': 0.08648312259584764}. Best is trial 23 with value: 0.9944581389427185.
Trial 36 finished with value: 0.5147783160209656 and parameters: {'n_layers': 1, 'weight_decay': 7.767900187511579e-06, 'n_units_l0': 8, 'optimizer': 'Adam', 'adam_learning_rate': 0.002614680925341414}. Best is trial 23 with value: 0.9944581389427185.
Trial 37 finished with value: 0.5147783160209656 and parameters: {'n_layers': 1, 'weight_decay': 1.0634890625644824e-06, 'n_units_l0': 3, 'optimizer': 'Adam', 'adam_learning_rate': 0.00015019578949182851}. Best is trial 23 with value: 0.9944581389427185.
Trial 38 finished with value: 0.5147783160209656 and parameters: {'n_layers': 1, 'weight_decay': 2.5414958349974246e-05, 'n_units_l0': 6, 'optimizer': 'RMSprop', 'rmsprop_learning_rate': 1.2099211214546984e-05, 'rmsprop_weight_decay': 0.9368582805694481, 'rmsprop_momentum': 0.08610422662810358}. Best is trial 23 with value: 0.9944581389427185.
Trial 39 finished with value: 0.5147783160209656 and parameters: {'n_layers': 1, 'weight_decay': 3.4042536773279345e-06, 'n_units_l0': 4, 'optimizer': 'Adam', 'adam_learning_rate': 0.0009770028800579363}. Best is trial 23 with value: 0.9944581389427185.
Trial 40 finished with value: 0.5147783160209656 and parameters: {'n_layers': 1, 'weight_decay': 3.0564193204659766e-07, 'n_units_l0': 8, 'optimizer': 'RMSprop', 'rmsprop_learning_rate': 0.009150945548153802, 'rmsprop_weight_decay': 0.8505763406134852, 'rmsprop_momentum': 0.005211477650191649}. Best is trial 23 with value: 0.9944581389427185.
Trial 41 finished with value: 0.9815270900726318 and parameters: {'n_layers': 1, 'weight_decay': 0.0002995788578092818, 'n_units_l0': 10, 'optimizer': 'Adam', 'adam_learning_rate': 0.0008267729531897312}. Best is trial 23 with value: 0.9944581389427185.
Trial 42 finished with value: 0.9759852290153503 and parameters: {'n_layers': 1, 'weight_decay': 0.00028541530340153736, 'n_units_l0': 7, 'optimizer': 'Adam', 'adam_learning_rate': 0.0007319238313325442}. Best is trial 23 with value: 0.9944581389427185.
Trial 43 finished with value: 0.9722906351089478 and parameters: {'n_layers': 1, 'weight_decay': 0.00011322051879042536, 'n_units_l0': 9, 'optimizer': 'Adam', 'adam_learning_rate': 0.0004971471212712092}. Best is trial 23 with value: 0.9944581389427185.
Trial 44 finished with value: 0.5147783160209656 and parameters: {'n_layers': 1, 'weight_decay': 1.1524903416560226e-05, 'n_units_l0': 5, 'optimizer': 'Adam', 'adam_learning_rate': 0.001988064973204555}. Best is trial 23 with value: 0.9944581389427185.
Trial 45 finished with value: 0.5147783160209656 and parameters: {'n_layers': 1, 'weight_decay': 2.9662695147833185e-05, 'n_units_l0': 8, 'optimizer': 'Adam', 'adam_learning_rate': 0.00911325106641413}. Best is trial 23 with value: 0.9944581389427185.
Trial 46 finished with value: 0.9815270900726318 and parameters: {'n_layers': 1, 'weight_decay': 0.0003171198327107706, 'n_units_l0': 7, 'optimizer': 'Adam', 'adam_learning_rate': 0.0006922793982611624}. Best is trial 23 with value: 0.9944581389427185.
Trial 47 finished with value: 0.9236453175544739 and parameters: {'n_layers': 1, 'weight_decay': 0.00013636183826874776, 'n_units_l0': 9, 'optimizer': 'SGD', 'sgd_opt_learning_rate': 0.08173425422829236, 'sgd_opt_momentum': 0.004524976037249594}. Best is trial 23 with value: 0.9944581389427185.
Trial 48 finished with value: 0.5178571343421936 and parameters: {'n_layers': 1, 'weight_decay': 4.312039118504547e-05, 'n_units_l0': 6, 'optimizer': 'Adam', 'adam_learning_rate': 0.000254460004635476}. Best is trial 23 with value: 0.9944581389427185.
Trial 49 finished with value: 0.5147783160209656 and parameters: {'n_layers': 1, 'weight_decay': 3.057260713826219e-06, 'n_units_l0': 9, 'optimizer': 'RMSprop', 'rmsprop_learning_rate': 0.00013439129058928105, 'rmsprop_weight_decay': 0.9409027714336091, 'rmsprop_momentum': 0.008702794217883916}. Best is trial 23 with value: 0.9944581389427185.
Trial 50 finished with value: 0.5147783160209656 and parameters: {'n_layers': 1, 'weight_decay': 5.094029629654241e-07, 'n_units_l0': 7, 'optimizer': 'SGD', 'sgd_opt_learning_rate': 0.009454104308217538, 'sgd_opt_momentum': 0.0023312877649312976}. Best is trial 23 with value: 0.9944581389427185.
Trial 51 finished with value: 0.9685960412025452 and parameters: {'n_layers': 1, 'weight_decay': 0.00032033165683016614, 'n_units_l0': 7, 'optimizer': 'Adam', 'adam_learning_rate': 0.000716085398369918}. Best is trial 23 with value: 0.9944581389427185.
Trial 52 finished with value: 0.5147783160209656 and parameters: {'n_layers': 1, 'weight_decay': 6.706435207120283e-05, 'n_units_l0': 8, 'optimizer': 'Adam', 'adam_learning_rate': 0.0006135530176079861}. Best is trial 23 with value: 0.9944581389427185.
Trial 53 finished with value: 0.9956896305084229 and parameters: {'n_layers': 1, 'weight_decay': 0.0003760855159045397, 'n_units_l0': 10, 'optimizer': 'Adam', 'adam_learning_rate': 0.0013331436853682588}. Best is trial 53 with value: 0.9956896305084229.
Trial 54 finished with value: 0.5147783160209656 and parameters: {'n_layers': 1, 'weight_decay': 0.0005318602776104999, 'n_units_l0': 10, 'optimizer': 'Adam', 'adam_learning_rate': 0.0014503156643388404}. Best is trial 53 with value: 0.9956896305084229.
Trial 55 finished with value: 0.9907635450363159 and parameters: {'n_layers': 1, 'weight_decay': 0.00015853561592441345, 'n_units_l0': 9, 'optimizer': 'Adam', 'adam_learning_rate': 0.003811884735033046}. Best is trial 53 with value: 0.9956896305084229.
Trial 56 finished with value: 0.5147783160209656 and parameters: {'n_layers': 1, 'weight_decay': 0.00011278897164698607, 'n_units_l0': 9, 'optimizer': 'Adam', 'adam_learning_rate': 0.004101429323530475}. Best is trial 53 with value: 0.9956896305084229.
Trial 57 finished with value: 0.5147783160209656 and parameters: {'n_layers': 1, 'weight_decay': 7.046698641180679e-06, 'n_units_l0': 10, 'optimizer': 'Adam', 'adam_learning_rate': 0.006274864589369024}. Best is trial 53 with value: 0.9956896305084229.
Trial 58 finished with value: 0.5147783160209656 and parameters: {'n_layers': 1, 'weight_decay': 1.534918212763041e-05, 'n_units_l0': 8, 'optimizer': 'Adam', 'adam_learning_rate': 0.0025925905112956686}. Best is trial 53 with value: 0.9956896305084229.
Trial 59 finished with value: 0.5147783160209656 and parameters: {'n_layers': 1, 'weight_decay': 0.00016265605846624284, 'n_units_l0': 9, 'optimizer': 'SGD', 'sgd_opt_learning_rate': 0.005958306536064552, 'sgd_opt_momentum': 0.09702238196875898}. Best is trial 53 with value: 0.9956896305084229.
Trial 60 finished with value: 0.5166256427764893 and parameters: {'n_layers': 1, 'weight_decay': 7.452499088281847e-08, 'n_units_l0': 6, 'optimizer': 'Adam', 'adam_learning_rate': 0.0003012718968354718}. Best is trial 53 with value: 0.9956896305084229.
Trial 61 finished with value: 0.5147783160209656 and parameters: {'n_layers': 1, 'weight_decay': 0.0004630504008345079, 'n_units_l0': 10, 'optimizer': 'Adam', 'adam_learning_rate': 0.0012086274988364922}. Best is trial 53 with value: 0.9956896305084229.
Trial 62 finished with value: 0.5147783160209656 and parameters: {'n_layers': 1, 'weight_decay': 5.6256125836113696e-05, 'n_units_l0': 9, 'optimizer': 'Adam', 'adam_learning_rate': 0.0026772639885401955}. Best is trial 53 with value: 0.9956896305084229.
Trial 63 finished with value: 0.9944581389427185 and parameters: {'n_layers': 1, 'weight_decay': 0.0003183548593691671, 'n_units_l0': 8, 'optimizer': 'Adam', 'adam_learning_rate': 0.001211452419803625}. Best is trial 53 with value: 0.9956896305084229.
Trial 64 finished with value: 0.5147783160209656 and parameters: {'n_layers': 1, 'weight_decay': 8.83407354327225e-05, 'n_units_l0': 8, 'optimizer': 'Adam', 'adam_learning_rate': 0.0011438050166083314}. Best is trial 53 with value: 0.9956896305084229.
Trial 65 finished with value: 0.5147783160209656 and parameters: {'n_layers': 1, 'weight_decay': 8.680351588792269e-10, 'n_units_l0': 9, 'optimizer': 'Adam', 'adam_learning_rate': 0.0033158823839575095}. Best is trial 53 with value: 0.9956896305084229.
Trial 66 finished with value: 0.5147783160209656 and parameters: {'n_layers': 1, 'weight_decay': 3.488685176146856e-05, 'n_units_l0': 10, 'optimizer': 'Adam', 'adam_learning_rate': 0.04278184375507822}. Best is trial 53 with value: 0.9956896305084229.
Trial 67 finished with value: 0.5147783160209656 and parameters: {'n_layers': 1, 'weight_decay': 0.0009323633584510235, 'n_units_l0': 8, 'optimizer': 'Adam', 'adam_learning_rate': 2.9443672564262766e-05}. Best is trial 53 with value: 0.9956896305084229.
Trial 68 finished with value: 0.8645319938659668 and parameters: {'n_layers': 1, 'weight_decay': 0.00020360810459543115, 'n_units_l0': 7, 'optimizer': 'Adam', 'adam_learning_rate': 0.0004852812568695207}. Best is trial 53 with value: 0.9956896305084229.
Trial 69 finished with value: 0.5147783160209656 and parameters: {'n_layers': 1, 'weight_decay': 1.9308803343677098e-08, 'n_units_l0': 6, 'optimizer': 'RMSprop', 'rmsprop_learning_rate': 0.005648193356119128, 'rmsprop_weight_decay': 0.952266205275423, 'rmsprop_momentum': 0.000311660410937931}. Best is trial 53 with value: 0.9956896305084229.
Trial 70 finished with value: 0.5147783160209656 and parameters: {'n_layers': 1, 'weight_decay': 0.0001557005022926002, 'n_units_l0': 10, 'optimizer': 'Adam', 'adam_learning_rate': 0.07378914292664772}. Best is trial 53 with value: 0.9956896305084229.
Trial 71 finished with value: 0.5147783160209656 and parameters: {'n_layers': 1, 'weight_decay': 0.0004104279764150531, 'n_units_l0': 7, 'optimizer': 'Adam', 'adam_learning_rate': 0.002086116658233789}. Best is trial 53 with value: 0.9956896305084229.
Trial 72 finished with value: 0.5147783160209656 and parameters: {'n_layers': 1, 'weight_decay': 0.0002807325958625001, 'n_units_l0': 9, 'optimizer': 'Adam', 'adam_learning_rate': 0.0011566278398097312}. Best is trial 53 with value: 0.9956896305084229.
Trial 73 finished with value: 0.9741379022598267 and parameters: {'n_layers': 1, 'weight_decay': 0.000591139983529722, 'n_units_l0': 8, 'optimizer': 'Adam', 'adam_learning_rate': 0.0005735161582941182}. Best is trial 53 with value: 0.9956896305084229.
Trial 74 finished with value: 0.9766010046005249 and parameters: {'n_layers': 1, 'weight_decay': 2.4524968790163845e-05, 'n_units_l0': 7, 'optimizer': 'Adam', 'adam_learning_rate': 0.00035734281838979687}. Best is trial 53 with value: 0.9956896305084229.
Trial 75 finished with value: 0.9802955389022827 and parameters: {'n_layers': 1, 'weight_decay': 8.048897324951763e-05, 'n_units_l0': 9, 'optimizer': 'Adam', 'adam_learning_rate': 0.0008125893664662748}. Best is trial 53 with value: 0.9956896305084229.
Trial 76 finished with value: 0.5147783160209656 and parameters: {'n_layers': 1, 'weight_decay': 0.0002115174298435678, 'n_units_l0': 5, 'optimizer': 'Adam', 'adam_learning_rate': 0.005878230207172073}. Best is trial 53 with value: 0.9956896305084229.
Trial 77 finished with value: 0.9784482717514038 and parameters: {'n_layers': 1, 'weight_decay': 0.0004434852219538687, 'n_units_l0': 10, 'optimizer': 'Adam', 'adam_learning_rate': 0.0016342207246216858}. Best is trial 53 with value: 0.9956896305084229.
Trial 78 finished with value: 0.5147783160209656 and parameters: {'n_layers': 1, 'weight_decay': 5.1371932718381215e-05, 'n_units_l0': 8, 'optimizer': 'SGD', 'sgd_opt_learning_rate': 0.0004226990585712029, 'sgd_opt_momentum': 0.01677769306965359}. Best is trial 53 with value: 0.9956896305084229.
Trial 79 finished with value: 0.5147783160209656 and parameters: {'n_layers': 1, 'weight_decay': 2.3079916931551115e-07, 'n_units_l0': 9, 'optimizer': 'Adam', 'adam_learning_rate': 0.00018459176058179306}. Best is trial 53 with value: 0.9956896305084229.
Trial 80 finished with value: 0.9956896305084229 and parameters: {'n_layers': 1, 'weight_decay': 0.000992132480604473, 'n_units_l0': 10, 'optimizer': 'Adam', 'adam_learning_rate': 0.003787968162342383}. Best is trial 53 with value: 0.9956896305084229.
Trial 81 finished with value: 0.9895319938659668 and parameters: {'n_layers': 1, 'weight_decay': 0.0009675495401046262, 'n_units_l0': 10, 'optimizer': 'Adam', 'adam_learning_rate': 0.004323721511007868}. Best is trial 53 with value: 0.9956896305084229.
Trial 82 finished with value: 0.5147783160209656 and parameters: {'n_layers': 1, 'weight_decay': 0.0009482447507420692, 'n_units_l0': 10, 'optimizer': 'Adam', 'adam_learning_rate': 0.003605840053134648}. Best is trial 53 with value: 0.9956896305084229.
Trial 83 finished with value: 0.5147783160209656 and parameters: {'n_layers': 1, 'weight_decay': 0.0005803916349435427, 'n_units_l0': 9, 'optimizer': 'Adam', 'adam_learning_rate': 0.009308398343063594}. Best is trial 53 with value: 0.9956896305084229.
Trial 84 finished with value: 0.5147783160209656 and parameters: {'n_layers': 1, 'weight_decay': 0.000985099196921516, 'n_units_l0': 10, 'optimizer': 'Adam', 'adam_learning_rate': 0.005019615606352742}. Best is trial 53 with value: 0.9956896305084229.
Trial 85 finished with value: 0.5147783160209656 and parameters: {'n_layers': 1, 'weight_decay': 0.00023125488576517024, 'n_units_l0': 8, 'optimizer': 'Adam', 'adam_learning_rate': 0.014056043325858178}. Best is trial 53 with value: 0.9956896305084229.
Trial 86 finished with value: 0.5147783160209656 and parameters: {'n_layers': 1, 'weight_decay': 0.00010141969858724923, 'n_units_l0': 9, 'optimizer': 'RMSprop', 'rmsprop_learning_rate': 0.00014139002345063168, 'rmsprop_weight_decay': 0.8831157713531514, 'rmsprop_momentum': 1.0889255323438522e-05}. Best is trial 53 with value: 0.9956896305084229.
Trial 87 finished with value: 0.5147783160209656 and parameters: {'n_layers': 1, 'weight_decay': 0.0003802534042138814, 'n_units_l0': 10, 'optimizer': 'Adam', 'adam_learning_rate': 0.0020133830835525287}. Best is trial 53 with value: 0.9956896305084229.
Trial 88 finished with value: 0.5147783160209656 and parameters: {'n_layers': 1, 'weight_decay': 0.0006623928063466824, 'n_units_l0': 8, 'optimizer': 'Adam', 'adam_learning_rate': 0.0023822386397409035}. Best is trial 53 with value: 0.9956896305084229.
Trial 89 finished with value: 0.9790640473365784 and parameters: {'n_layers': 1, 'weight_decay': 0.00016569974301205835, 'n_units_l0': 10, 'optimizer': 'Adam', 'adam_learning_rate': 0.0009585991260979536}. Best is trial 53 with value: 0.9956896305084229.
Trial 90 finished with value: 0.5147783160209656 and parameters: {'n_layers': 1, 'weight_decay': 1.9143711500086457e-05, 'n_units_l0': 3, 'optimizer': 'Adam', 'adam_learning_rate': 0.00717942373237638}. Best is trial 53 with value: 0.9956896305084229.
Trial 91 finished with value: 0.5147783160209656 and parameters: {'n_layers': 1, 'weight_decay': 0.0003005411649339296, 'n_units_l0': 7, 'optimizer': 'Adam', 'adam_learning_rate': 0.0013168844696454084}. Best is trial 53 with value: 0.9956896305084229.
Trial 92 finished with value: 0.9932265877723694 and parameters: {'n_layers': 1, 'weight_decay': 0.00037260988179262485, 'n_units_l0': 8, 'optimizer': 'Adam', 'adam_learning_rate': 0.0037028624814740094}. Best is trial 53 with value: 0.9956896305084229.
Trial 93 finished with value: 0.5147783160209656 and parameters: {'n_layers': 1, 'weight_decay': 0.0006605817904826064, 'n_units_l0': 9, 'optimizer': 'Adam', 'adam_learning_rate': 0.004290097103256288}. Best is trial 53 with value: 0.9956896305084229.
Trial 94 finished with value: 0.5147783160209656 and parameters: {'n_layers': 1, 'weight_decay': 0.0004421608093028513, 'n_units_l0': 8, 'optimizer': 'Adam', 'adam_learning_rate': 0.0034041516046696843}. Best is trial 53 with value: 0.9956896305084229.
Trial 95 finished with value: 0.9913793206214905 and parameters: {'n_layers': 1, 'weight_decay': 0.00013993138393887666, 'n_units_l0': 9, 'optimizer': 'Adam', 'adam_learning_rate': 0.00147662825240017}. Best is trial 53 with value: 0.9956896305084229.
Trial 96 finished with value: 0.5147783160209656 and parameters: {'n_layers': 1, 'weight_decay': 0.00015353924623768208, 'n_units_l0': 6, 'optimizer': 'SGD', 'sgd_opt_learning_rate': 0.007992823656304023, 'sgd_opt_momentum': 0.0006528988802358261}. Best is trial 53 with value: 0.9956896305084229.
Trial 97 finished with value: 0.5147783160209656 and parameters: {'n_layers': 1, 'weight_decay': 8.682495888173598e-06, 'n_units_l0': 9, 'optimizer': 'Adam', 'adam_learning_rate': 0.001567290076208311}. Best is trial 53 with value: 0.9956896305084229.
Trial 98 finished with value: 0.5147783160209656 and parameters: {'n_layers': 1, 'weight_decay': 4.4358747196668814e-05, 'n_units_l0': 8, 'optimizer': 'Adam', 'adam_learning_rate': 0.0022320233548771924}. Best is trial 53 with value: 0.9956896305084229.
Trial 99 finished with value: 0.5147783160209656 and parameters: {'n_layers': 1, 'weight_decay': 7.587146811792605e-07, 'n_units_l0': 1, 'optimizer': 'Adam', 'adam_learning_rate': 0.002899556563088197}. Best is trial 53 with value: 0.9956896305084229.
Trial 100 finished with value: 0.5147783160209656 and parameters: {'n_layers': 1, 'weight_decay': 0.0001093181004393843, 'n_units_l0': 7, 'optimizer': 'RMSprop', 'rmsprop_learning_rate': 1.0907790994474509e-05, 'rmsprop_weight_decay': 0.9186411329541031, 'rmsprop_momentum': 0.0207226850323837}. Best is trial 53 with value: 0.9956896305084229.
Trial 101 finished with value: 0.9852216839790344 and parameters: {'n_layers': 1, 'weight_decay': 0.0002473870505652985, 'n_units_l0': 10, 'optimizer': 'Adam', 'adam_learning_rate': 0.0009393494549281708}. Best is trial 53 with value: 0.9956896305084229.
Trial 102 finished with value: 0.5147783160209656 and parameters: {'n_layers': 1, 'weight_decay': 6.868479388744337e-05, 'n_units_l0': 9, 'optimizer': 'Adam', 'adam_learning_rate': 0.00173577081136923}. Best is trial 53 with value: 0.9956896305084229.
Trial 103 finished with value: 0.9784482717514038 and parameters: {'n_layers': 1, 'weight_decay': 0.0007089196269528229, 'n_units_l0': 2, 'optimizer': 'Adam', 'adam_learning_rate': 0.0009294812403129807}. Best is trial 53 with value: 0.9956896305084229.
Trial 104 finished with value: 0.9729064106941223 and parameters: {'n_layers': 1, 'weight_decay': 0.0002510126978468227, 'n_units_l0': 10, 'optimizer': 'Adam', 'adam_learning_rate': 0.0013508501503836884}. Best is trial 53 with value: 0.9956896305084229.
Trial 105 finished with value: 0.5147783160209656 and parameters: {'n_layers': 1, 'weight_decay': 2.2396569719098788e-06, 'n_units_l0': 9, 'optimizer': 'Adam', 'adam_learning_rate': 0.004474304980766534}. Best is trial 53 with value: 0.9956896305084229.
Trial 106 finished with value: 0.5147783160209656 and parameters: {'n_layers': 1, 'weight_decay': 5.346228393961438e-06, 'n_units_l0': 10, 'optimizer': 'Adam', 'adam_learning_rate': 0.0029836485925832544}. Best is trial 53 with value: 0.9956896305084229.
Trial 107 finished with value: 0.5147783160209656 and parameters: {'n_layers': 1, 'weight_decay': 0.00019339082244552384, 'n_units_l0': 8, 'optimizer': 'Adam', 'adam_learning_rate': 0.006835815094768915}. Best is trial 53 with value: 0.9956896305084229.
Trial 108 finished with value: 0.991995096206665 and parameters: {'n_layers': 1, 'weight_decay': 0.00044887883386685897, 'n_units_l0': 10, 'optimizer': 'Adam', 'adam_learning_rate': 0.0010992066367791359}. Best is trial 53 with value: 0.9956896305084229.
Trial 109 finished with value: 0.5147783160209656 and parameters: {'n_layers': 1, 'weight_decay': 0.0005030297713926307, 'n_units_l0': 7, 'optimizer': 'Adam', 'adam_learning_rate': 0.002025970487170651}. Best is trial 53 with value: 0.9956896305084229.
Trial 110 finished with value: 0.8380541801452637 and parameters: {'n_layers': 1, 'weight_decay': 0.00013493894212518315, 'n_units_l0': 8, 'optimizer': 'Adam', 'adam_learning_rate': 0.000626166267730294}. Best is trial 53 with value: 0.9956896305084229.
Trial 111 finished with value: 0.9901477694511414 and parameters: {'n_layers': 1, 'weight_decay': 0.00037399303589966826, 'n_units_l0': 10, 'optimizer': 'Adam', 'adam_learning_rate': 0.0012145233965489175}. Best is trial 53 with value: 0.9956896305084229.
Trial 112 finished with value: 0.9876847267150879 and parameters: {'n_layers': 1, 'weight_decay': 0.000357999482838551, 'n_units_l0': 9, 'optimizer': 'Adam', 'adam_learning_rate': 0.0012321164669430872}. Best is trial 53 with value: 0.9956896305084229.
Trial 113 finished with value: 0.9895319938659668 and parameters: {'n_layers': 1, 'weight_decay': 0.0003774212110742604, 'n_units_l0': 9, 'optimizer': 'Adam', 'adam_learning_rate': 0.0011959630103195488}. Best is trial 53 with value: 0.9956896305084229.
Trial 114 finished with value: 0.9956896305084229 and parameters: {'n_layers': 1, 'weight_decay': 0.000751974382703675, 'n_units_l0': 10, 'optimizer': 'Adam', 'adam_learning_rate': 0.0017389126583042419}. Best is trial 53 with value: 0.9956896305084229.
Trial 115 finished with value: 0.5147783160209656 and parameters: {'n_layers': 1, 'weight_decay': 0.0005865845248901654, 'n_units_l0': 10, 'optimizer': 'Adam', 'adam_learning_rate': 0.003710222147951724}. Best is trial 53 with value: 0.9956896305084229.
Trial 116 finished with value: 0.5147783160209656 and parameters: {'n_layers': 1, 'weight_decay': 0.0007268862430262063, 'n_units_l0': 10, 'optimizer': 'Adam', 'adam_learning_rate': 0.0017092870156826315}. Best is trial 53 with value: 0.9956896305084229.
Trial 117 finished with value: 0.5147783160209656 and parameters: {'n_layers': 1, 'weight_decay': 0.0004940350147253736, 'n_units_l0': 9, 'optimizer': 'SGD', 'sgd_opt_learning_rate': 0.02126928347764172, 'sgd_opt_momentum': 0.00015148862267615806}. Best is trial 53 with value: 0.9956896305084229.
Trial 118 finished with value: 0.991995096206665 and parameters: {'n_layers': 1, 'weight_decay': 0.0008750383594709144, 'n_units_l0': 10, 'optimizer': 'Adam', 'adam_learning_rate': 0.002367329495775913}. Best is trial 53 with value: 0.9956896305084229.
Trial 119 finished with value: 0.988916277885437 and parameters: {'n_layers': 1, 'weight_decay': 9.169424233439267e-05, 'n_units_l0': 9, 'optimizer': 'Adam', 'adam_learning_rate': 0.0023687103551385947}. Best is trial 53 with value: 0.9956896305084229.
Trial 120 finished with value: 0.5147783160209656 and parameters: {'n_layers': 1, 'weight_decay': 0.0002841064163546534, 'n_units_l0': 8, 'optimizer': 'Adam', 'adam_learning_rate': 0.0018555978272814225}. Best is trial 53 with value: 0.9956896305084229.
Trial 121 finished with value: 0.9981527328491211 and parameters: {'n_layers': 1, 'weight_decay': 0.0009546612278355769, 'n_units_l0': 10, 'optimizer': 'Adam', 'adam_learning_rate': 0.0027137060727634695}. Best is trial 121 with value: 0.9981527328491211.
Trial 122 finished with value: 0.5147783160209656 and parameters: {'n_layers': 1, 'weight_decay': 0.0009836386490227676, 'n_units_l0': 10, 'optimizer': 'Adam', 'adam_learning_rate': 0.002915414964927426}. Best is trial 121 with value: 0.9981527328491211.
Trial 123 finished with value: 0.9913793206214905 and parameters: {'n_layers': 1, 'weight_decay': 0.0004038657065950627, 'n_units_l0': 10, 'optimizer': 'Adam', 'adam_learning_rate': 0.0015242058849019792}. Best is trial 121 with value: 0.9981527328491211.
Trial 124 finished with value: 0.9883005023002625 and parameters: {'n_layers': 1, 'weight_decay': 1.0073940897152508e-10, 'n_units_l0': 9, 'optimizer': 'Adam', 'adam_learning_rate': 0.0014529371113319667}. Best is trial 121 with value: 0.9981527328491211.
Trial 125 finished with value: 0.5147783160209656 and parameters: {'n_layers': 1, 'weight_decay': 0.0006869265242992342, 'n_units_l0': 9, 'optimizer': 'Adam', 'adam_learning_rate': 0.005223845588909125}. Best is trial 121 with value: 0.9981527328491211.
Trial 126 finished with value: 0.996921181678772 and parameters: {'n_layers': 1, 'weight_decay': 0.00020818319678370554, 'n_units_l0': 10, 'optimizer': 'Adam', 'adam_learning_rate': 0.002674124469476016}. Best is trial 121 with value: 0.9981527328491211.
Trial 127 finished with value: 0.5147783160209656 and parameters: {'n_layers': 1, 'weight_decay': 0.00019937670626748866, 'n_units_l0': 8, 'optimizer': 'Adam', 'adam_learning_rate': 0.0024143445878693887}. Best is trial 121 with value: 0.9981527328491211.
Trial 128 finished with value: 0.5147783160209656 and parameters: {'n_layers': 1, 'weight_decay': 0.0001299658623314494, 'n_units_l0': 10, 'optimizer': 'RMSprop', 'rmsprop_learning_rate': 0.005956700224635849, 'rmsprop_weight_decay': 0.9621497144098964, 'rmsprop_momentum': 0.0010192459464353392}. Best is trial 121 with value: 0.9981527328491211.
Trial 129 finished with value: 0.5147783160209656 and parameters: {'n_layers': 1, 'weight_decay': 0.000531341830760416, 'n_units_l0': 9, 'optimizer': 'Adam', 'adam_learning_rate': 0.0020001057578226964}. Best is trial 121 with value: 0.9981527328491211.
Trial 130 finished with value: 0.5147783160209656 and parameters: {'n_layers': 1, 'weight_decay': 0.0003438421751683295, 'n_units_l0': 10, 'optimizer': 'Adam', 'adam_learning_rate': 0.0034966761067720055}. Best is trial 121 with value: 0.9981527328491211.
Trial 131 finished with value: 0.9778324961662292 and parameters: {'n_layers': 1, 'weight_decay': 0.0007663811758172945, 'n_units_l0': 9, 'optimizer': 'Adam', 'adam_learning_rate': 0.0015473706357649372}. Best is trial 121 with value: 0.9981527328491211.
Trial 132 finished with value: 0.5147783160209656 and parameters: {'n_layers': 1, 'weight_decay': 0.00018057881289514077, 'n_units_l0': 10, 'optimizer': 'Adam', 'adam_learning_rate': 0.0028022412204681876}. Best is trial 121 with value: 0.9981527328491211.
Trial 133 finished with value: 0.947044312953949 and parameters: {'n_layers': 1, 'weight_decay': 0.0004674560032811429, 'n_units_l0': 10, 'optimizer': 'Adam', 'adam_learning_rate': 0.000753978802150277}. Best is trial 121 with value: 0.9981527328491211.
Trial 134 finished with value: 0.9852216839790344 and parameters: {'n_layers': 1, 'weight_decay': 0.00024412659443101182, 'n_units_l0': 8, 'optimizer': 'Adam', 'adam_learning_rate': 0.001076385308447831}. Best is trial 121 with value: 0.9981527328491211.
Trial 135 finished with value: 0.5147783160209656 and parameters: {'n_layers': 1, 'weight_decay': 0.0007820857541984784, 'n_units_l0': 9, 'optimizer': 'Adam', 'adam_learning_rate': 0.002410028825976038}. Best is trial 121 with value: 0.9981527328491211.
Trial 136 finished with value: 0.9913793206214905 and parameters: {'n_layers': 1, 'weight_decay': 7.146170254563157e-05, 'n_units_l0': 8, 'optimizer': 'Adam', 'adam_learning_rate': 0.001818366852538043}. Best is trial 121 with value: 0.9981527328491211.
Trial 137 finished with value: 0.5147783160209656 and parameters: {'n_layers': 1, 'weight_decay': 8.629638284247153e-05, 'n_units_l0': 8, 'optimizer': 'Adam', 'adam_learning_rate': 0.003848314668108691}. Best is trial 121 with value: 0.9981527328491211.
Trial 138 finished with value: 0.5147783160209656 and parameters: {'n_layers': 1, 'weight_decay': 5.9094787788695965e-05, 'n_units_l0': 7, 'optimizer': 'Adam', 'adam_learning_rate': 0.001947532641355406}. Best is trial 121 with value: 0.9981527328491211.
Trial 139 finished with value: 0.9907635450363159 and parameters: {'n_layers': 1, 'weight_decay': 0.00014258989742059266, 'n_units_l0': 9, 'optimizer': 'Adam', 'adam_learning_rate': 0.0014916460742760772}. Best is trial 121 with value: 0.9981527328491211.
Trial 140 finished with value: 0.5147783160209656 and parameters: {'n_layers': 1, 'weight_decay': 2.9151513411063757e-10, 'n_units_l0': 8, 'optimizer': 'Adam', 'adam_learning_rate': 1.001386934601145e-05}. Best is trial 121 with value: 0.9981527328491211.
Trial 141 finished with value: 0.9895319938659668 and parameters: {'n_layers': 1, 'weight_decay': 0.00014679433150967806, 'n_units_l0': 9, 'optimizer': 'Adam', 'adam_learning_rate': 0.00149421968554509}. Best is trial 121 with value: 0.9981527328491211.
Trial 142 finished with value: 0.5147783160209656 and parameters: {'n_layers': 1, 'weight_decay': 0.0002815520680517556, 'n_units_l0': 9, 'optimizer': 'Adam', 'adam_learning_rate': 0.003135618718167337}. Best is trial 121 with value: 0.9981527328491211.
Trial 143 finished with value: 0.5147783160209656 and parameters: {'n_layers': 1, 'weight_decay': 0.0004256999980480081, 'n_units_l0': 10, 'optimizer': 'Adam', 'adam_learning_rate': 0.001818982261229064}. Best is trial 121 with value: 0.9981527328491211.
Trial 144 finished with value: 0.982758641242981 and parameters: {'n_layers': 1, 'weight_decay': 3.926801855254687e-05, 'n_units_l0': 10, 'optimizer': 'Adam', 'adam_learning_rate': 0.0010062653013888498}. Best is trial 121 with value: 0.9981527328491211.
Trial 145 finished with value: 0.5147783160209656 and parameters: {'n_layers': 1, 'weight_decay': 0.00020538062147254925, 'n_units_l0': 9, 'optimizer': 'SGD', 'sgd_opt_learning_rate': 1.1927216535259822e-05, 'sgd_opt_momentum': 1.4746516994153296e-05}. Best is trial 121 with value: 0.9981527328491211.
Trial 146 finished with value: 0.5147783160209656 and parameters: {'n_layers': 1, 'weight_decay': 0.0009994808450290717, 'n_units_l0': 8, 'optimizer': 'Adam', 'adam_learning_rate': 0.004977473142448345}. Best is trial 121 with value: 0.9981527328491211.
Trial 147 finished with value: 0.5147783160209656 and parameters: {'n_layers': 1, 'weight_decay': 0.00010592828957003096, 'n_units_l0': 7, 'optimizer': 'Adam', 'adam_learning_rate': 0.008010167962113571}. Best is trial 121 with value: 0.9981527328491211.
Trial 148 finished with value: 0.5147783160209656 and parameters: {'n_layers': 1, 'weight_decay': 0.0006000218325217626, 'n_units_l0': 10, 'optimizer': 'Adam', 'adam_learning_rate': 0.0026157320837081255}. Best is trial 121 with value: 0.9981527328491211.
Trial 149 finished with value: 0.5147783160209656 and parameters: {'n_layers': 1, 'weight_decay': 0.00034403467859968074, 'n_units_l0': 9, 'optimizer': 'Adam', 'adam_learning_rate': 0.00138226783527076}. Best is trial 121 with value: 0.9981527328491211.
Trial 150 finished with value: 0.996921181678772 and parameters: {'n_layers': 1, 'weight_decay': 0.00017005687220521937, 'n_units_l0': 8, 'optimizer': 'Adam', 'adam_learning_rate': 0.0023624236675910135}. Best is trial 121 with value: 0.9981527328491211.
Trial 151 finished with value: 0.5147783160209656 and parameters: {'n_layers': 1, 'weight_decay': 0.0001619815725255632, 'n_units_l0': 8, 'optimizer': 'Adam', 'adam_learning_rate': 0.0022199175329534826}. Best is trial 121 with value: 0.9981527328491211.
Trial 152 finished with value: 0.5147783160209656 and parameters: {'n_layers': 1, 'weight_decay': 0.00025396765308320125, 'n_units_l0': 10, 'optimizer': 'Adam', 'adam_learning_rate': 0.0017221614165866214}. Best is trial 121 with value: 0.9981527328491211.
Trial 153 finished with value: 0.9975369572639465 and parameters: {'n_layers': 1, 'weight_decay': 6.639674068406094e-05, 'n_units_l0': 8, 'optimizer': 'Adam', 'adam_learning_rate': 0.002232422133491957}. Best is trial 121 with value: 0.9981527328491211.
Trial 154 finished with value: 0.5147783160209656 and parameters: {'n_layers': 1, 'weight_decay': 7.363340423142182e-05, 'n_units_l0': 8, 'optimizer': 'Adam', 'adam_learning_rate': 0.0031980137418790135}. Best is trial 121 with value: 0.9981527328491211.
Trial 155 finished with value: 0.5147783160209656 and parameters: {'n_layers': 1, 'weight_decay': 0.00047958469006447764, 'n_units_l0': 7, 'optimizer': 'Adam', 'adam_learning_rate': 0.0026191381728731386}. Best is trial 121 with value: 0.9981527328491211.
Trial 156 finished with value: 0.5166256427764893 and parameters: {'n_layers': 1, 'weight_decay': 0.0006548721201509291, 'n_units_l0': 9, 'optimizer': 'RMSprop', 'rmsprop_learning_rate': 0.000492045581968624, 'rmsprop_weight_decay': 0.853109047264125, 'rmsprop_momentum': 4.7652452615490765e-05}. Best is trial 121 with value: 0.9981527328491211.
Trial 157 finished with value: 0.5147783160209656 and parameters: {'n_layers': 1, 'weight_decay': 0.0003449130963496538, 'n_units_l0': 8, 'optimizer': 'Adam', 'adam_learning_rate': 0.005607662382490652}. Best is trial 121 with value: 0.9981527328491211.
Trial 158 finished with value: 0.5147783160209656 and parameters: {'n_layers': 1, 'weight_decay': 0.00010824484581550817, 'n_units_l0': 10, 'optimizer': 'Adam', 'adam_learning_rate': 0.003928619968710208}. Best is trial 121 with value: 0.9981527328491211.
Trial 159 finished with value: 0.9895319938659668 and parameters: {'n_layers': 1, 'weight_decay': 0.00019862876030605827, 'n_units_l0': 7, 'optimizer': 'Adam', 'adam_learning_rate': 0.0020121019313980473}. Best is trial 121 with value: 0.9981527328491211.
Trial 160 finished with value: 0.9926108121871948 and parameters: {'n_layers': 1, 'weight_decay': 5.253274093084927e-05, 'n_units_l0': 8, 'optimizer': 'Adam', 'adam_learning_rate': 0.002354602152040241}. Best is trial 121 with value: 0.9981527328491211.
Trial 161 finished with value: 0.5147783160209656 and parameters: {'n_layers': 1, 'weight_decay': 5.4235818475409665e-05, 'n_units_l0': 8, 'optimizer': 'Adam', 'adam_learning_rate': 0.002497072749449593}. Best is trial 121 with value: 0.9981527328491211.
Trial 162 finished with value: 0.5147783160209656 and parameters: {'n_layers': 1, 'weight_decay': 4.1647550153087945e-05, 'n_units_l0': 9, 'optimizer': 'Adam', 'adam_learning_rate': 0.003022093632576977}. Best is trial 121 with value: 0.9981527328491211.
Trial 163 finished with value: 0.9913793206214905 and parameters: {'n_layers': 1, 'weight_decay': 2.323004512378313e-05, 'n_units_l0': 10, 'optimizer': 'Adam', 'adam_learning_rate': 0.0021771837423816337}. Best is trial 121 with value: 0.9981527328491211.
Trial 164 finished with value: 0.985837459564209 and parameters: {'n_layers': 1, 'weight_decay': 6.836065714646836e-05, 'n_units_l0': 10, 'optimizer': 'Adam', 'adam_learning_rate': 0.0018326587581702807}. Best is trial 121 with value: 0.9981527328491211.
Trial 165 finished with value: 0.996921181678772 and parameters: {'n_layers': 1, 'weight_decay': 3.0878987574580834e-05, 'n_units_l0': 10, 'optimizer': 'Adam', 'adam_learning_rate': 0.0021873691987106133}. Best is trial 121 with value: 0.9981527328491211.
Trial 166 finished with value: 0.9901477694511414 and parameters: {'n_layers': 1, 'weight_decay': 0.0004894428989280499, 'n_units_l0': 9, 'optimizer': 'Adam', 'adam_learning_rate': 0.0013224016790957655}. Best is trial 121 with value: 0.9981527328491211.
Trial 167 finished with value: 0.5147783160209656 and parameters: {'n_layers': 1, 'weight_decay': 1.1395797629342512e-05, 'n_units_l0': 9, 'optimizer': 'Adam', 'adam_learning_rate': 0.0011194516410573032}. Best is trial 121 with value: 0.9981527328491211.
Trial 168 finished with value: 0.988916277885437 and parameters: {'n_layers': 1, 'weight_decay': 3.868460542449755e-05, 'n_units_l0': 10, 'optimizer': 'Adam', 'adam_learning_rate': 0.000874690816598615}. Best is trial 121 with value: 0.9981527328491211.
Trial 169 finished with value: 0.9802955389022827 and parameters: {'n_layers': 1, 'weight_decay': 3.770079918219565e-09, 'n_units_l0': 8, 'optimizer': 'Adam', 'adam_learning_rate': 0.0015677556918156337}. Best is trial 121 with value: 0.9981527328491211.
Trial 170 finished with value: 0.5147783160209656 and parameters: {'n_layers': 1, 'weight_decay': 0.0007933425263252961, 'n_units_l0': 1, 'optimizer': 'Adam', 'adam_learning_rate': 0.0021188283720336627}. Best is trial 121 with value: 0.9981527328491211.
Trial 171 finished with value: 0.5147783160209656 and parameters: {'n_layers': 1, 'weight_decay': 5.4137061264861274e-05, 'n_units_l0': 10, 'optimizer': 'Adam', 'adam_learning_rate': 0.0022125513878304675}. Best is trial 121 with value: 0.9981527328491211.
Trial 172 finished with value: 0.5147783160209656 and parameters: {'n_layers': 1, 'weight_decay': 2.947266273368787e-05, 'n_units_l0': 10, 'optimizer': 'Adam', 'adam_learning_rate': 0.002661087995784182}. Best is trial 121 with value: 0.9981527328491211.
Trial 173 finished with value: 0.9907635450363159 and parameters: {'n_layers': 1, 'weight_decay': 7.93843191924868e-05, 'n_units_l0': 9, 'optimizer': 'Adam', 'adam_learning_rate': 0.0017028403971205528}. Best is trial 121 with value: 0.9981527328491211.
Trial 174 finished with value: 0.996921181678772 and parameters: {'n_layers': 1, 'weight_decay': 1.730499770461949e-05, 'n_units_l0': 10, 'optimizer': 'Adam', 'adam_learning_rate': 0.003168505856317518}. Best is trial 121 with value: 0.9981527328491211.
Trial 175 finished with value: 0.9901477694511414 and parameters: {'n_layers': 1, 'weight_decay': 1.713497774414253e-05, 'n_units_l0': 9, 'optimizer': 'Adam', 'adam_learning_rate': 0.0032919284124212503}. Best is trial 121 with value: 0.9981527328491211.
Trial 176 finished with value: 0.5147783160209656 and parameters: {'n_layers': 1, 'weight_decay': 2.8491801722001394e-05, 'n_units_l0': 10, 'optimizer': 'SGD', 'sgd_opt_learning_rate': 0.00017242826939460238, 'sgd_opt_momentum': 0.019079937839661325}. Best is trial 121 with value: 0.9981527328491211.
Trial 177 finished with value: 0.5147783160209656 and parameters: {'n_layers': 1, 'weight_decay': 0.00030673398801129453, 'n_units_l0': 4, 'optimizer': 'Adam', 'adam_learning_rate': 0.0013131920775815648}. Best is trial 121 with value: 0.9981527328491211.
Trial 178 finished with value: 0.5147783160209656 and parameters: {'n_layers': 1, 'weight_decay': 0.00011610084696378629, 'n_units_l0': 8, 'optimizer': 'Adam', 'adam_learning_rate': 0.004239520979030504}. Best is trial 121 with value: 0.9981527328491211.
Trial 179 finished with value: 0.991995096206665 and parameters: {'n_layers': 1, 'weight_decay': 0.0005801769051814301, 'n_units_l0': 9, 'optimizer': 'Adam', 'adam_learning_rate': 0.003495211940232004}. Best is trial 121 with value: 0.9981527328491211.
Trial 180 finished with value: 0.9913793206214905 and parameters: {'n_layers': 1, 'weight_decay': 0.0005689705183502473, 'n_units_l0': 9, 'optimizer': 'Adam', 'adam_learning_rate': 0.003457641302468556}. Best is trial 121 with value: 0.9981527328491211.
Trial 181 finished with value: 0.5147783160209656 and parameters: {'n_layers': 1, 'weight_decay': 0.0007654689140271629, 'n_units_l0': 10, 'optimizer': 'Adam', 'adam_learning_rate': 0.00286257535004006}. Best is trial 121 with value: 0.9981527328491211.
Trial 182 finished with value: 0.5147783160209656 and parameters: {'n_layers': 1, 'weight_decay': 0.0003965495119887738, 'n_units_l0': 9, 'optimizer': 'Adam', 'adam_learning_rate': 0.004567491571470686}. Best is trial 121 with value: 0.9981527328491211.
Trial 183 finished with value: 0.9975369572639465 and parameters: {'n_layers': 1, 'weight_decay': 0.000950476248577859, 'n_units_l0': 10, 'optimizer': 'Adam', 'adam_learning_rate': 0.002397919258156903}. Best is trial 121 with value: 0.9981527328491211.
Trial 184 finished with value: 0.988916277885437 and parameters: {'n_layers': 1, 'weight_decay': 0.0009024396172745585, 'n_units_l0': 10, 'optimizer': 'Adam', 'adam_learning_rate': 0.0023894088159304053}. Best is trial 121 with value: 0.9981527328491211.
Trial 185 finished with value: 0.5147783160209656 and parameters: {'n_layers': 1, 'weight_decay': 0.0005649603788856471, 'n_units_l0': 10, 'optimizer': 'Adam', 'adam_learning_rate': 0.0037737500003678388}. Best is trial 121 with value: 0.9981527328491211.
Trial 186 finished with value: 0.9963054060935974 and parameters: {'n_layers': 1, 'weight_decay': 0.0009586530957904889, 'n_units_l0': 9, 'optimizer': 'Adam', 'adam_learning_rate': 0.003057394380350012}. Best is trial 121 with value: 0.9981527328491211.
Trial 187 finished with value: 0.5147783160209656 and parameters: {'n_layers': 1, 'weight_decay': 0.0007361061717704523, 'n_units_l0': 9, 'optimizer': 'Adam', 'adam_learning_rate': 0.003058336832283986}. Best is trial 121 with value: 0.9981527328491211.
Trial 188 finished with value: 0.4852216839790344 and parameters: {'n_layers': 1, 'weight_decay': 0.000849375452609874, 'n_units_l0': 2, 'optimizer': 'RMSprop', 'rmsprop_learning_rate': 0.09280931403803994, 'rmsprop_weight_decay': 0.9237927724529568, 'rmsprop_momentum': 0.0005244297507834713}. Best is trial 121 with value: 0.9981527328491211.
Trial 189 finished with value: 0.9975369572639465 and parameters: {'n_layers': 1, 'weight_decay': 0.0005834956538020199, 'n_units_l0': 9, 'optimizer': 'Adam', 'adam_learning_rate': 0.005937358912279021}. Best is trial 121 with value: 0.9981527328491211.
Trial 190 finished with value: 0.5147783160209656 and parameters: {'n_layers': 1, 'weight_decay': 0.0009673655900230406, 'n_units_l0': 8, 'optimizer': 'Adam', 'adam_learning_rate': 0.005869591130301328}. Best is trial 121 with value: 0.9981527328491211.
Trial 191 finished with value: 0.5147783160209656 and parameters: {'n_layers': 1, 'weight_decay': 0.0005777506349971138, 'n_units_l0': 9, 'optimizer': 'Adam', 'adam_learning_rate': 0.004678602435782756}. Best is trial 121 with value: 0.9981527328491211.
Trial 192 finished with value: 0.5147783160209656 and parameters: {'n_layers': 1, 'weight_decay': 0.0004812530050130936, 'n_units_l0': 9, 'optimizer': 'Adam', 'adam_learning_rate': 1.7152717486728424e-05}. Best is trial 121 with value: 0.9981527328491211.
Trial 193 finished with value: 0.993842363357544 and parameters: {'n_layers': 1, 'weight_decay': 0.00026883567493396455, 'n_units_l0': 10, 'optimizer': 'Adam', 'adam_learning_rate': 0.0027007207267456014}. Best is trial 121 with value: 0.9981527328491211.
Trial 194 finished with value: 0.5147783160209656 and parameters: {'n_layers': 1, 'weight_decay': 0.00026612264913499487, 'n_units_l0': 10, 'optimizer': 'Adam', 'adam_learning_rate': 0.003672736729653903}. Best is trial 121 with value: 0.9981527328491211.
Trial 195 finished with value: 0.5147783160209656 and parameters: {'n_layers': 1, 'weight_decay': 0.0006485655766214819, 'n_units_l0': 10, 'optimizer': 'Adam', 'adam_learning_rate': 0.0028044607261083704}. Best is trial 121 with value: 0.9981527328491211.
Trial 196 finished with value: 0.996921181678772 and parameters: {'n_layers': 1, 'weight_decay': 0.0009708570429537409, 'n_units_l0': 10, 'optimizer': 'Adam', 'adam_learning_rate': 0.002363470021038225}. Best is trial 121 with value: 0.9981527328491211.
Trial 197 finished with value: 0.991995096206665 and parameters: {'n_layers': 1, 'weight_decay': 0.0009162438453373164, 'n_units_l0': 10, 'optimizer': 'Adam', 'adam_learning_rate': 0.002344921490017834}. Best is trial 121 with value: 0.9981527328491211.
Trial 198 finished with value: 0.5147783160209656 and parameters: {'n_layers': 1, 'weight_decay': 0.00034469662902294335, 'n_units_l0': 10, 'optimizer': 'Adam', 'adam_learning_rate': 0.00213124553677273}. Best is trial 121 with value: 0.9981527328491211.
Trial 199 finished with value: 0.9895319938659668 and parameters: {'n_layers': 1, 'weight_decay': 0.000967435079481095, 'n_units_l0': 10, 'optimizer': 'Adam', 'adam_learning_rate': 0.002767175588572964}. Best is trial 121 with value: 0.9981527328491211.
Trial 200 finished with value: 0.5147783160209656 and parameters: {'n_layers': 1, 'weight_decay': 0.0004407619948901624, 'n_units_l0': 9, 'optimizer': 'Adam', 'adam_learning_rate': 0.013855045393265658}. Best is trial 121 with value: 0.9981527328491211.
Trial 201 finished with value: 0.996921181678772 and parameters: {'n_layers': 1, 'weight_decay': 0.0006399138528629367, 'n_units_l0': 9, 'optimizer': 'Adam', 'adam_learning_rate': 0.0033076124479160147}. Best is trial 121 with value: 0.9981527328491211.
Trial 202 finished with value: 0.9932265877723694 and parameters: {'n_layers': 1, 'weight_decay': 0.0006788425811030009, 'n_units_l0': 9, 'optimizer': 'Adam', 'adam_learning_rate': 0.0025588716267504878}. Best is trial 121 with value: 0.9981527328491211.
Trial 203 finished with value: 0.9975369572639465 and parameters: {'n_layers': 1, 'weight_decay': 0.0006462914547336148, 'n_units_l0': 8, 'optimizer': 'Adam', 'adam_learning_rate': 0.0031439386882646234}. Best is trial 121 with value: 0.9981527328491211.
Trial 204 finished with value: 0.5147783160209656 and parameters: {'n_layers': 1, 'weight_decay': 0.0006629627062218475, 'n_units_l0': 8, 'optimizer': 'Adam', 'adam_learning_rate': 0.004114563591342312}. Best is trial 121 with value: 0.9981527328491211.
Trial 205 finished with value: 0.991995096206665 and parameters: {'n_layers': 1, 'weight_decay': 0.0006425474866401387, 'n_units_l0': 7, 'optimizer': 'Adam', 'adam_learning_rate': 0.0031508877869114884}. Best is trial 121 with value: 0.9981527328491211.
Trial 206 finished with value: 0.5147783160209656 and parameters: {'n_layers': 1, 'weight_decay': 0.00035682250232535093, 'n_units_l0': 8, 'optimizer': 'Adam', 'adam_learning_rate': 0.005076235301693432}. Best is trial 121 with value: 0.9981527328491211.
Trial 207 finished with value: 0.9975369572639465 and parameters: {'n_layers': 1, 'weight_decay': 0.0005032561064072745, 'n_units_l0': 9, 'optimizer': 'Adam', 'adam_learning_rate': 0.0026674448374950626}. Best is trial 121 with value: 0.9981527328491211.
Trial 208 finished with value: 0.9963054060935974 and parameters: {'n_layers': 1, 'weight_decay': 0.0004832992508180023, 'n_units_l0': 9, 'optimizer': 'Adam', 'adam_learning_rate': 0.006380835838312733}. Best is trial 121 with value: 0.9981527328491211.
Trial 209 finished with value: 0.5147783160209656 and parameters: {'n_layers': 1, 'weight_decay': 0.00027007207938565864, 'n_units_l0': 9, 'optimizer': 'Adam', 'adam_learning_rate': 0.0081736334854882}. Best is trial 121 with value: 0.9981527328491211.
Trial 210 finished with value: 0.5147783160209656 and parameters: {'n_layers': 1, 'weight_decay': 0.000443772398343575, 'n_units_l0': 9, 'optimizer': 'Adam', 'adam_learning_rate': 0.0062237637136898435}. Best is trial 121 with value: 0.9981527328491211.
Trial 211 finished with value: 0.5147783160209656 and parameters: {'n_layers': 1, 'weight_decay': 0.0006233539807849629, 'n_units_l0': 9, 'optimizer': 'Adam', 'adam_learning_rate': 0.0033304681384432556}. Best is trial 121 with value: 0.9981527328491211.
Trial 212 finished with value: 0.9895319938659668 and parameters: {'n_layers': 1, 'weight_decay': 0.0004483986469407955, 'n_units_l0': 9, 'optimizer': 'Adam', 'adam_learning_rate': 0.004184082557610235}. Best is trial 121 with value: 0.9981527328491211.
Trial 213 finished with value: 0.5147783160209656 and parameters: {'n_layers': 1, 'weight_decay': 0.00099986303713636, 'n_units_l0': 10, 'optimizer': 'Adam', 'adam_learning_rate': 0.011754836831897328}. Best is trial 121 with value: 0.9981527328491211.
Trial 214 finished with value: 0.5147783160209656 and parameters: {'n_layers': 1, 'weight_decay': 0.000700051551235803, 'n_units_l0': 9, 'optimizer': 'Adam', 'adam_learning_rate': 0.0027605338360379298}. Best is trial 121 with value: 0.9981527328491211.
Trial 215 finished with value: 0.5147783160209656 and parameters: {'n_layers': 1, 'weight_decay': 0.0002904537512927818, 'n_units_l0': 8, 'optimizer': 'SGD', 'sgd_opt_learning_rate': 0.002487672891126778, 'sgd_opt_momentum': 0.0019296403998221472}. Best is trial 121 with value: 0.9981527328491211.
Trial 216 finished with value: 0.9956896305084229 and parameters: {'n_layers': 1, 'weight_decay': 0.0004614893886013915, 'n_units_l0': 9, 'optimizer': 'Adam', 'adam_learning_rate': 0.0019465487473474229}. Best is trial 121 with value: 0.9981527328491211.
Trial 217 finished with value: 0.9839901328086853 and parameters: {'n_layers': 1, 'weight_decay': 0.00020280684857326294, 'n_units_l0': 10, 'optimizer': 'Adam', 'adam_learning_rate': 0.001857847016137157}. Best is trial 121 with value: 0.9981527328491211.
Trial 218 finished with value: 0.9907635450363159 and parameters: {'n_layers': 1, 'weight_decay': 1.9973007973554558e-08, 'n_units_l0': 8, 'optimizer': 'Adam', 'adam_learning_rate': 0.0019895242958139553}. Best is trial 121 with value: 0.9981527328491211.
Trial 219 finished with value: 0.5147783160209656 and parameters: {'n_layers': 1, 'weight_decay': 0.00048133546155601145, 'n_units_l0': 10, 'optimizer': 'Adam', 'adam_learning_rate': 0.0065211674825263344}. Best is trial 121 with value: 0.9981527328491211.
Trial 220 finished with value: 0.5147783160209656 and parameters: {'n_layers': 1, 'weight_decay': 0.0003578934181714016, 'n_units_l0': 9, 'optimizer': 'Adam', 'adam_learning_rate': 0.010102980823111864}. Best is trial 121 with value: 0.9981527328491211.
Trial 221 finished with value: 0.5147783160209656 and parameters: {'n_layers': 1, 'weight_decay': 0.0007187292117046437, 'n_units_l0': 9, 'optimizer': 'Adam', 'adam_learning_rate': 0.002619400945585705}. Best is trial 121 with value: 0.9981527328491211.
Trial 222 finished with value: 0.9956896305084229 and parameters: {'n_layers': 1, 'weight_decay': 0.0005490845444031353, 'n_units_l0': 10, 'optimizer': 'Adam', 'adam_learning_rate': 0.003239497582089475}. Best is trial 121 with value: 0.9981527328491211.
Trial 223 finished with value: 0.5147783160209656 and parameters: {'n_layers': 1, 'weight_decay': 0.00047878213041418246, 'n_units_l0': 10, 'optimizer': 'Adam', 'adam_learning_rate': 0.00337879751406404}. Best is trial 121 with value: 0.9981527328491211.
Trial 224 finished with value: 0.5147783160209656 and parameters: {'n_layers': 1, 'weight_decay': 0.0009926011625027776, 'n_units_l0': 10, 'optimizer': 'Adam', 'adam_learning_rate': 0.005014922110491665}. Best is trial 121 with value: 0.9981527328491211.
Trial 225 finished with value: 0.9907635450363159 and parameters: {'n_layers': 1, 'weight_decay': 0.00028257758505992043, 'n_units_l0': 10, 'optimizer': 'Adam', 'adam_learning_rate': 0.0040389604909318085}. Best is trial 121 with value: 0.9981527328491211.
Trial 226 finished with value: 0.9963054060935974 and parameters: {'n_layers': 1, 'weight_decay': 0.0005312851503148109, 'n_units_l0': 8, 'optimizer': 'Adam', 'adam_learning_rate': 0.002033247044291345}. Best is trial 121 with value: 0.9981527328491211.
Trial 227 finished with value: 0.9870689511299133 and parameters: {'n_layers': 1, 'weight_decay': 0.0005439450330203802, 'n_units_l0': 9, 'optimizer': 'Adam', 'adam_learning_rate': 0.0017416515874070307}. Best is trial 121 with value: 0.9981527328491211.
Trial 228 finished with value: 0.988916277885437 and parameters: {'n_layers': 1, 'weight_decay': 0.0007576100626012261, 'n_units_l0': 10, 'optimizer': 'Adam', 'adam_learning_rate': 0.0020477937543636267}. Best is trial 121 with value: 0.9981527328491211.
Trial 229 finished with value: 0.5147783160209656 and parameters: {'n_layers': 1, 'weight_decay': 0.0005317699372493118, 'n_units_l0': 9, 'optimizer': 'Adam', 'adam_learning_rate': 9.727788568306741e-05}. Best is trial 121 with value: 0.9981527328491211.
Trial 230 finished with value: 0.5147783160209656 and parameters: {'n_layers': 1, 'weight_decay': 0.0009999436086927335, 'n_units_l0': 9, 'optimizer': 'RMSprop', 'rmsprop_learning_rate': 5.081091186391462e-05, 'rmsprop_weight_decay': 0.9848030689030794, 'rmsprop_momentum': 0.0014787292660262982}. Best is trial 121 with value: 0.9981527328491211.
Trial 231 finished with value: 0.5147783160209656 and parameters: {'n_layers': 1, 'weight_decay': 0.00036960382494803917, 'n_units_l0': 8, 'optimizer': 'Adam', 'adam_learning_rate': 0.003073380808041742}. Best is trial 121 with value: 0.9981527328491211.
Trial 232 finished with value: 0.5147783160209656 and parameters: {'n_layers': 1, 'weight_decay': 0.00021960141486253065, 'n_units_l0': 7, 'optimizer': 'Adam', 'adam_learning_rate': 0.002284318542252778}. Best is trial 121 with value: 0.9981527328491211.
Trial 233 finished with value: 0.5147783160209656 and parameters: {'n_layers': 1, 'weight_decay': 0.00037015284194521494, 'n_units_l0': 8, 'optimizer': 'Adam', 'adam_learning_rate': 0.0029053069388220716}. Best is trial 121 with value: 0.9981527328491211.
Trial 234 finished with value: 0.5147783160209656 and parameters: {'n_layers': 1, 'weight_decay': 1.3357982626811326e-07, 'n_units_l0': 10, 'optimizer': 'Adam', 'adam_learning_rate': 0.002387518813193358}. Best is trial 121 with value: 0.9981527328491211.
Trial 235 finished with value: 0.5147783160209656 and parameters: {'n_layers': 1, 'weight_decay': 0.0005702121079032368, 'n_units_l0': 8, 'optimizer': 'Adam', 'adam_learning_rate': 0.0018113891532947491}. Best is trial 121 with value: 0.9981527328491211.
Trial 236 finished with value: 0.9895319938659668 and parameters: {'n_layers': 1, 'weight_decay': 0.0007135745090205956, 'n_units_l0': 9, 'optimizer': 'Adam', 'adam_learning_rate': 0.0036165234058180475}. Best is trial 121 with value: 0.9981527328491211.
Trial 237 finished with value: 0.9944581389427185 and parameters: {'n_layers': 1, 'weight_decay': 0.000405421067500764, 'n_units_l0': 10, 'optimizer': 'Adam', 'adam_learning_rate': 0.002778781544914284}. Best is trial 121 with value: 0.9981527328491211.
Trial 238 finished with value: 0.9883005023002625 and parameters: {'n_layers': 1, 'weight_decay': 0.0005011890447288804, 'n_units_l0': 10, 'optimizer': 'Adam', 'adam_learning_rate': 0.0020938761459107823}. Best is trial 121 with value: 0.9981527328491211.
Trial 239 finished with value: 0.5147783160209656 and parameters: {'n_layers': 1, 'weight_decay': 0.00025959368351841653, 'n_units_l0': 10, 'optimizer': 'Adam', 'adam_learning_rate': 0.002597565013585006}. Best is trial 121 with value: 0.9981527328491211.
Trial 240 finished with value: 0.9913793206214905 and parameters: {'n_layers': 1, 'weight_decay': 0.0006599359120630398, 'n_units_l0': 9, 'optimizer': 'Adam', 'adam_learning_rate': 0.0015176066397223015}. Best is trial 121 with value: 0.9981527328491211.
Trial 241 finished with value: 0.5147783160209656 and parameters: {'n_layers': 1, 'weight_decay': 0.00037226081224957816, 'n_units_l0': 10, 'optimizer': 'Adam', 'adam_learning_rate': 0.0030736928577778217}. Best is trial 121 with value: 0.9981527328491211.
Trial 242 finished with value: 0.5147783160209656 and parameters: {'n_layers': 1, 'weight_decay': 0.0004407664210506794, 'n_units_l0': 9, 'optimizer': 'Adam', 'adam_learning_rate': 0.0027116160741674595}. Best is trial 121 with value: 0.9981527328491211.
Trial 243 finished with value: 0.5147783160209656 and parameters: {'n_layers': 1, 'weight_decay': 0.0003059384960177, 'n_units_l0': 10, 'optimizer': 'Adam', 'adam_learning_rate': 0.003491115540638857}. Best is trial 121 with value: 0.9981527328491211.
Trial 244 finished with value: 0.5147783160209656 and parameters: {'n_layers': 1, 'weight_decay': 0.0007678396105357091, 'n_units_l0': 9, 'optimizer': 'Adam', 'adam_learning_rate': 0.0021016743182061402}. Best is trial 121 with value: 0.9981527328491211.
Trial 245 finished with value: 0.5147783160209656 and parameters: {'n_layers': 1, 'weight_decay': 0.000556848455208462, 'n_units_l0': 10, 'optimizer': 'Adam', 'adam_learning_rate': 0.004038082355644273}. Best is trial 121 with value: 0.9981527328491211.
Trial 246 finished with value: 0.5147783160209656 and parameters: {'n_layers': 1, 'weight_decay': 0.00018888652149211263, 'n_units_l0': 9, 'optimizer': 'Adam', 'adam_learning_rate': 0.0024516883772999916}. Best is trial 121 with value: 0.9981527328491211.
Trial 247 finished with value: 0.9876847267150879 and parameters: {'n_layers': 1, 'weight_decay': 0.0003990801794132782, 'n_units_l0': 8, 'optimizer': 'Adam', 'adam_learning_rate': 0.0018003858189220671}. Best is trial 121 with value: 0.9981527328491211.
Trial 248 finished with value: 0.9926108121871948 and parameters: {'n_layers': 1, 'weight_decay': 0.000969987938274123, 'n_units_l0': 3, 'optimizer': 'Adam', 'adam_learning_rate': 0.0029709600852684654}. Best is trial 121 with value: 0.9981527328491211.
Trial 249 finished with value: 0.5147783160209656 and parameters: {'n_layers': 1, 'weight_decay': 0.0006490211478373107, 'n_units_l0': 10, 'optimizer': 'Adam', 'adam_learning_rate': 0.004602737506244844}. Best is trial 121 with value: 0.9981527328491211.
